<?xml version="1.0" encoding="UTF-8"?>
<!-- Generated by org.testng.reporters.JUnitReportReporter -->
<testsuite hostname="Bharani" failures="0" tests="1" name="scripts.Test2" time="0.001" errors="0" timestamp="2022-11-04T16:47:06 IST" skipped="0">
  <testcase classname="scripts.Test2" name="tc1" time="0.001"/>
  <system-out>
    <![CDATA[Hello Selenium]]>
  </system-out>
</testsuite> <!-- scripts.Test2 -->
