<?xml version="1.0" encoding="UTF-8"?>
<!-- Generated by org.testng.reporters.JUnitReportReporter -->
<testsuite hostname="Bharani" failures="0" tests="1" name="scripts.Test3" time="0.003" errors="0" timestamp="2022-11-04T16:47:06 IST" skipped="0">
  <testcase classname="scripts.Test3" name="tc1" time="0.003"/>
  <system-out>
    <![CDATA[Hello Python]]>
  </system-out>
</testsuite> <!-- scripts.Test3 -->
