<?xml version="1.0" encoding="UTF-8"?>
<!-- Generated by org.testng.reporters.JUnitReportReporter -->
<testsuite hostname="Bharani" failures="0" tests="1" name="scripts.Test4" time="0.008" errors="0" timestamp="2022-11-04T16:47:06 IST" skipped="0">
  <testcase classname="scripts.Test4" name="tc1" time="0.008"/>
  <system-out>
    <![CDATA[Hello Pythonselenium]]>
  </system-out>
</testsuite> <!-- scripts.Test4 -->
